<?xml version="1.0" encoding="UTF-8"?>
<!-- Generated by org.testng.reporters.JUnitReportReporter -->
<testsuite hostname="LAPTOP-NAINA" failures="0" tests="1" name="com.etsy.testPages.homePageTest.HomePageTest" time="27.354" errors="0" timestamp="2022-07-16T11:21:01 EDT" skipped="0">
  <testcase classname="com.etsy.testPages.homePageTest.HomePageTest" name="verifyFreeShippingFilterWorks" time="27.354"/>
  <system-out/>
</testsuite> <!-- com.etsy.testPages.homePageTest.HomePageTest -->
