<?xml version="1.0" encoding="UTF-8"?>
<!-- Generated by org.testng.reporters.JUnitReportReporter -->
<testsuite hostname="LAPTOP-NAINA" failures="0" tests="10" name="com.etsy.testPages.homePageTest.HomePageTest2" time="18.666" errors="0" timestamp="2022-07-24T14:23:28 EDT" skipped="9">
  <testcase classname="com.etsy.testPages.homePageTest.HomePageTest2" name="verifySearchProductUsingInvalidProduct" time="18.666"/>
  <system-out/>
  <testcase classname="com.etsy.testPages.homePageTest.HomePageTest2" name="verifyFrenchLanguageSettingsChanged">
    <skipped/>
  </testcase> <!-- verifyFrenchLanguageSettingsChanged -->
  <system-out/>
  <testcase classname="com.etsy.testPages.homePageTest.HomePageTest2" name="verifyChineseLanguageSettingsChanged">
    <skipped/>
  </testcase> <!-- verifyChineseLanguageSettingsChanged -->
  <system-out/>
  <testcase classname="com.etsy.testPages.homePageTest.HomePageTest2" name="verifySearchProductUsingInvalidProductFromExcel">
    <skipped/>
  </testcase> <!-- verifySearchProductUsingInvalidProductFromExcel -->
  <system-out/>
  <testcase classname="com.etsy.testPages.homePageTest.HomePageTest2" name="verifyFreeShippingFilterWorks">
    <skipped/>
  </testcase> <!-- verifyFreeShippingFilterWorks -->
  <system-out/>
  <testcase classname="com.etsy.testPages.homePageTest.HomePageTest2" name="verifyUnregisteredUserSignedIn">
    <skipped/>
  </testcase> <!-- verifyUnregisteredUserSignedIn -->
  <system-out/>
  <testcase classname="com.etsy.testPages.homePageTest.HomePageTest2" name="verifyPolishLanguageSettingsChanged">
    <skipped/>
  </testcase> <!-- verifyPolishLanguageSettingsChanged -->
  <system-out/>
  <testcase classname="com.etsy.testPages.homePageTest.HomePageTest2" name="verifySearchProductUsingInvalidProductFromDirectArray">
    <skipped/>
  </testcase> <!-- verifySearchProductUsingInvalidProductFromDirectArray -->
  <system-out/>
  <testcase classname="com.etsy.testPages.homePageTest.HomePageTest2" name="verifyRegisteredUserSignedIn">
    <skipped/>
  </testcase> <!-- verifyRegisteredUserSignedIn -->
  <system-out/>
  <testcase classname="com.etsy.testPages.homePageTest.HomePageTest2" name="verifySearchProductUsingInvalidProductFromDataProvider">
    <skipped/>
  </testcase> <!-- verifySearchProductUsingInvalidProductFromDataProvider -->
  <system-out/>
</testsuite> <!-- com.etsy.testPages.homePageTest.HomePageTest2 -->
