<?xml version="1.0" encoding="UTF-8"?>
<!-- Generated by org.testng.reporters.JUnitReportReporter -->
<testsuite hostname="LAPTOP-NAINA" failures="0" tests="1" name="com.etsy.testPages.homePageTest.HomePageNewTest" time="17.578" errors="0" timestamp="2022-07-25T23:08:55 EDT" skipped="0">
  <testcase classname="com.etsy.testPages.homePageTest.HomePageNewTest" name="verifySearchInvalidProduct" time="17.578"/>
  <system-out/>
</testsuite> <!-- com.etsy.testPages.homePageTest.HomePageNewTest -->
